Arguments: 
  /usr/local/bin/node /usr/local/bin/yarn add @heroicons/react

PATH: 
  /Users/peterayeni/.bun/bin:/usr/local/bin:/usr/bin:/bin:/usr/sbin:/sbin:/Library/Apple/usr/bin:/Users/peterayeni/.bun/bin

Yarn version: 
  1.22.18

Node version: 
  16.16.0

Platform: 
  darwin x64

Trace: 
  Error: ENOENT: no such file or directory, copyfile '/Users/peterayeni/Library/Caches/Yarn/v6/npm-glob-parent-6.0.2-6d237d99083950c79290f24c7642a3de9a28f9e3-integrity/node_modules/glob-parent/index.js' -> '/Users/peterayeni/Desktop/techclaritycoach/node_modules/tailwindcss/node_modules/glob-parent/index.js'

npm manifest: 
  {
    "name": "nextra-docs-template",
    "version": "0.0.1",
    "description": "Nextra docs template",
    "scripts": {
      "dev": "next dev",
      "build": "next build",
      "start": "next start"
    },
    "repository": {
      "type": "git",
      "url": "git+https://github.com/shuding/nextra-docs-template.git"
    },
    "author": "Shu Ding <g@shud.in>",
    "license": "MIT",
    "bugs": {
      "url": "https://github.com/shuding/nextra-docs-template/issues"
    },
    "homepage": "https://github.com/shuding/nextra-docs-template#readme",
    "dependencies": {
      "@vercel/analytics": "^1.0.0",
      "@vercel/og": "^0.5.6",
      "next": "^13.0.6",
      "nextra": "^2.6.2",
      "nextra-theme-docs": "^2.6.2",
      "react": "^18.2.0",
      "react-dom": "^18.2.0"
    },
    "devDependencies": {
      "@types/node": "18.11.10",
      "autoprefixer": "^10.4.14",
      "postcss": "^8.4.24",
      "tailwindcss": "^3.3.2",
      "typescript": "^4.9.3"
    }
  }

yarn manifest: 
  No manifest

Lockfile: 
  No lockfile
